2021-11-23 15:24:48.561 [-1]Job Info:
2021-11-23 15:24:48.565 [-1]  Engine Version: 2021.9.17
2021-11-23 15:24:48.566 [-1]  Revit Process:  D:\Program Files\Autodesk\Revit 2021\Revit.exe  /language CHS
2021-11-23 15:24:48.566 [-1]  Input Path:     E:\ShareCache\用户文档\严江\Revit\Revit_Project\新路面结构\新路面结构.rvt
2021-11-23 15:24:48.567 [-1]  Output Path:    C:\Users\user\Desktop\road_gltf_7\New_road_7.gltf
2021-11-23 15:24:48.567 [-1]  Target Format:  gltf
2021-11-23 15:24:48.568 [-1]  Target View:    
2021-11-23 15:24:48.568 [-1]  Mode:           0
2021-11-23 15:24:48.568 [-1]  LevelOfDetail:  15
2021-11-23 15:24:48.569 [-1]  Features:       ExcludeLines,ExcludePoints,AllowRegroupNodes
2021-11-23 15:24:48.569 [-1]
2021-11-23 15:24:48.570 [-1]任务已创建
2021-11-23 15:24:48.571 [-1]更新状态为: Prepare, 0%
2021-11-23 15:24:48.573 [-1]开始第 1 次转换尝试...
2021-11-23 15:25:08.833 [9384]OnStartup
2021-11-23 15:25:09.850 [9384]DialogBoxShowing TaskDialog :TaskDialog_External_Tools_External_Tool_Failure, False, Revit 无法运行 外部应用程序“Application RevitExportGltf”。请与供应商联系以获取帮助。供应商提供给 Revit 的身份信息为: Ryan T. McCullough。
2021-11-23 15:25:14.641 [9384]ApplicationInitialized
2021-11-23 15:25:14.886 [9384]LmvExport :InputPath, E:\ShareCache\用户文档\严江\Revit\Revit_Project\新路面结构\新路面结构.rvt
2021-11-23 15:25:14.976 [9384]DocumentOpening :E:\ShareCache\用户文档\严江\Revit\Revit_Project\新路面结构\新路面结构.rvt
2021-11-23 15:25:18.687 [9384]ViewActivating
2021-11-23 15:25:19.182 [9384]ViewActivated
2021-11-23 15:25:19.227 [9384]ProgressChanged :, , 0, 100, 0, Ping
2021-11-23 15:25:19.318 [9384]DocumentOpened :Succeeded: E:\ShareCache\用户文档\严江\Revit\Revit_Project\新路面结构\新路面结构.rvt
2021-11-23 15:25:19.644 [9384]UIA :Start, 自动启动导出插件...
2021-11-23 15:25:25.680 [9384]UIA :Success, 自动启动导出插件...成功!
2021-11-23 15:25:26.792 [9384]LmvExport :Start, Export Start ...
2021-11-23 15:25:26.794 [9384]更新状态为: Processing, 0%
2021-11-23 15:25:26.838 [9384]LmvExport :Info, Invalid License
2021-11-23 15:25:26.870 [9384]LmvExport :End, Cancelled, 转换输出结束...取消 Invalid License
2021-11-23 15:25:26.870 [9384]更新状态为: Fail, 0%
2021-11-23 15:25:29.062 [9384]DocumentClosing
2021-11-23 15:25:29.216 [9384]DocumentClosed
2021-11-23 15:25:32.552 [9384]ApplicationClosing
2021-11-23 15:25:32.718 [9384]OnShutdown
2021-11-23 15:25:35.397 [9384]进程已结束, 退出守护循环...ExitCode(0)
2021-11-23 15:25:35.398 [9384]开始第 2 次转换尝试...
2021-11-23 15:25:35.398 [9384]更新状态为: Prepare, 0%
2021-11-23 15:25:55.613 [15232]OnStartup
2021-11-23 15:25:56.616 [15232]DialogBoxShowing TaskDialog :TaskDialog_External_Tools_External_Tool_Failure, False, Revit 无法运行 外部应用程序“Application RevitExportGltf”。请与供应商联系以获取帮助。供应商提供给 Revit 的身份信息为: Ryan T. McCullough。
2021-11-23 15:25:58.670 [15232]ApplicationInitialized
2021-11-23 15:25:58.869 [15232]LmvExport :InputPath, E:\ShareCache\用户文档\严江\Revit\Revit_Project\新路面结构\新路面结构.rvt
2021-11-23 15:25:58.933 [15232]DocumentOpening :E:\ShareCache\用户文档\严江\Revit\Revit_Project\新路面结构\新路面结构.rvt
2021-11-23 15:26:02.803 [15232]ViewActivating
2021-11-23 15:26:03.379 [15232]ViewActivated
2021-11-23 15:26:03.425 [15232]ProgressChanged :, , 0, 100, 0, Ping
2021-11-23 15:26:03.501 [15232]DocumentOpened :Succeeded: E:\ShareCache\用户文档\严江\Revit\Revit_Project\新路面结构\新路面结构.rvt
2021-11-23 15:26:04.041 [15232]UIA :Start, 自动启动导出插件...
2021-11-23 15:26:10.990 [15232]UIA :Success, 自动启动导出插件...成功!
2021-11-23 15:26:12.127 [15232]LmvExport :Start, Export Start ...
2021-11-23 15:26:12.127 [15232]更新状态为: Processing, 0%
2021-11-23 15:26:12.128 [15232]LmvExport :Info, Invalid License
2021-11-23 15:26:12.172 [15232]LmvExport :End, Cancelled, 转换输出结束...取消 Invalid License
2021-11-23 15:26:12.172 [15232]更新状态为: Fail, 0%
2021-11-23 15:26:14.397 [15232]DocumentClosing
2021-11-23 15:26:14.489 [15232]DocumentClosed
2021-11-23 15:26:17.873 [15232]ApplicationClosing
2021-11-23 15:26:17.996 [15232]OnShutdown
2021-11-23 15:26:20.731 [15232]进程已结束, 退出守护循环...ExitCode(0)
2021-11-23 15:26:20.732 [15232]开始第 3 次转换尝试...
2021-11-23 15:26:20.732 [15232]更新状态为: Prepare, 0%
2021-11-23 15:26:41.078 [11924]OnStartup
2021-11-23 15:26:42.128 [11924]DialogBoxShowing TaskDialog :TaskDialog_External_Tools_External_Tool_Failure, False, Revit 无法运行 外部应用程序“Application RevitExportGltf”。请与供应商联系以获取帮助。供应商提供给 Revit 的身份信息为: Ryan T. McCullough。
2021-11-23 15:26:45.297 [11924]ApplicationInitialized
2021-11-23 15:26:45.517 [11924]LmvExport :InputPath, E:\ShareCache\用户文档\严江\Revit\Revit_Project\新路面结构\新路面结构.rvt
2021-11-23 15:26:45.608 [11924]DocumentOpening :E:\ShareCache\用户文档\严江\Revit\Revit_Project\新路面结构\新路面结构.rvt
2021-11-23 15:26:49.420 [11924]ViewActivating
2021-11-23 15:26:49.919 [11924]ViewActivated
2021-11-23 15:26:49.964 [11924]ProgressChanged :, , 0, 100, 0, Ping
2021-11-23 15:26:50.055 [11924]DocumentOpened :Succeeded: E:\ShareCache\用户文档\严江\Revit\Revit_Project\新路面结构\新路面结构.rvt
2021-11-23 15:26:54.955 [11924]UIA :Start, 自动启动导出插件...
